匹配数		未匹配数		报废数		总数		目标匹配率	实际匹配率	实际截断刀数
第 1批截断
|  65		|  43		|   1		| 109		|100.00%		|59.63%		|   1
|  68		|  41		|   1		| 110		|100.00%		|61.82%		|   2
|  71		|  39		|   1		| 111		|100.00%		|63.96%		|   3
|  74		|  37		|   1		| 112		|100.00%		|66.07%		|   4
|  77		|  35		|   1		| 113		|100.00%		|68.14%		|   5
|  80		|  33		|   1		| 114		|100.00%		|70.18%		|   6
|  83		|  31		|   1		| 115		|100.00%		|72.17%		|   7
|  86		|  29		|   1		| 116		|100.00%		|74.14%		|   8
|  89		|  27		|   1		| 117		|100.00%		|76.07%		|   9
|  92		|  25		|   1		| 118		|100.00%		|77.97%		|  10
|  95		|  23		|   1		| 119		|100.00%		|79.83%		|  11
|  98		|  21		|   1		| 120		|100.00%		|81.67%		|  12
| 101		|  19		|   1		| 121		|100.00%		|83.47%		|  13
| 104		|  17		|   1		| 122		|100.00%		|85.25%		|  14
| 107		|  15		|   1		| 123		|100.00%		|86.99%		|  15
| 111		|  12		|   1		| 124		|100.00%		|89.52%		|  16
|—--------------—--------------—--------------—--------------
+厂家		+锭号		+棒号		+杂质情况	+长度		+分组		+切割状况
未使用:
|银和		| 247		| C		|正常		| 150		|   0		|切
|银和		| 103		| A		|正常		| 119		|   0		|切
|银和		| 167		| B		|正常		| 130		|   0		|切
|银和		| 257		| C		|正常		| 139		|   0		|切
|银和		| 262		| C		|正常		| 141		|   0		|切
|银和		| 266		| C		|正常		| 133		|   0		|切
|银和		| 288		| C		|正常		| 121		|   0		|切
|银和		| 146		| B		|正常		| 121		|   0		|切
|银和		| 286		| C		|正常		| 139		|   0		|切
|银和		| 280		| C		|正常		|  52		|   0		|切
|银和		| 117		| B		|正常		| 150		|   0		|切
|银和		| 116		| B		|正常		| 121		|   0		|切
|—--------------—--------------—--------------—--------------
报废:
|银和		| 253		| C		|正常		|  46		|1061109567		|
|—--------------—--------------—--------------—--------------
拼棒方案
第  1 组:
|银和		| 251		| C		|正常		| 268		|   1		|
|银和		| 256		| C		|正常		| 263		|   1		|
|银和		| 107		| B		|正常		| 161		|   1		|

							拼接长度 = 692, 符合要求
第  2 组:
|银和		| 254		| C		|正常		| 275		|   2		|
|银和		| 169		| B		|正常		| 272		|   2		|
|银和		| 122		| B		|正常		| 138		|   2		|

							拼接长度 = 685, 符合要求
第  3 组:
|银和		| 277		| C		|正常		| 275		|   3		|
|银和		| 180		| C		|正常		| 262		|   3		|
|银和		| 121		| B		|正常		| 153		|   3		|

							拼接长度 = 690, 符合要求
第  4 组:
|银和		| 115		| B		|正常		| 289		|   4		|
|银和		| 104		| A		|正常		| 271		|   4		|
|银和		| 163		| B		|正常		| 134		|   4		|

							拼接长度 = 694, 符合要求
第  5 组:
|银和		| 250		| C		|正常		| 279		|   5		|
|银和		| 119		| B		|正常		| 124		|   5		|
|银和		| 112		| B		|正常		| 288		|   5		|

							拼接长度 = 691, 符合要求
第  6 组:
|银和		| 120		| B		|正常		| 123		|   6		|
|银和		| 135		| B		|正常		| 285		|   6		|
|银和		| 137		| B		|正常		| 278		|   6		|

							拼接长度 = 686, 符合要求
第  7 组:
|银和		| 125		| B		|正常		| 108		|   7		|
|银和		| 272		| C		|正常		| 310		|   7		|
|银和		| 244		| C		|正常		| 270		|   7		|

							拼接长度 = 688, 符合要求
第  8 组:
|银和		| 268		| C		|正常		| 262		|   8		|
|银和		| 259		| C		|正常		| 256		|   8		|
|银和		| 108		| B		|正常		| 176		|   8		|

							拼接长度 = 694, 符合要求
第  9 组:
|银和		| 176		| C		|正常		| 248		|   9		|
|银和		| 174		| C		|正常		| 171		|   9		|
|银和		| 260		| C		|正常		| 274		|   9		|

							拼接长度 = 693, 符合要求
第 10 组:
|银和		| 152		| B		|正常		| 272		|  10		|
|银和		| 105		| A		|正常		| 220		|  10		|
|银和		| 293		| C		|正常		| 199		|  10		|

							拼接长度 = 691, 符合要求
第 11 组:
|银和		| 276		| C		|正常		| 272		|  11		|
|银和		| 144		| B		|正常		| 199		|  11		|
|银和		| 168		| B		|正常		| 218		|  11		|

							拼接长度 = 689, 符合要求
第 12 组:
|银和		| 175		| C		|正常		| 115		|  12		|
|银和		| 128		| B		|正常		| 293		|  12		|
|银和		| 285		| C		|正常		| 278		|  12		|

							拼接长度 = 686, 符合要求
第 13 组:
|银和		| 102		| A		|正常		| 208		|  13		|
|银和		| 150		| B		|正常		| 215		|  13		|
|银和		| 263		| C		|正常		| 270		|  13		|

							拼接长度 = 693, 符合要求
第 14 组:
|银和		| 282		| C		|正常		| 211		|  14		|
|银和		| 170		| B		|正常		| 267		|  14		|
|银和		| 147		| B		|正常		| 217		|  14		|

							拼接长度 = 695, 符合要求
第 15 组:
|银和		| 297		| C		|正常		| 215		|  15		|
|银和		| 173		| C		|正常		| 247		|  15		|
|银和		| 278		| C		|正常		| 233		|  15		|

							拼接长度 = 695, 符合要求
第 16 组:
|银和		| 249		| C		|正常		| 272		|  16		|
|银和		| 248		| C		|正常		| 275		|  16		|
|银和		| 132		| B		|正常		|  78		|  16		|
|银和		| 101		| A		|正常		|  60		|  16		|

							拼接长度 = 685, 符合要求
第 17 组:
|银和		| 171		| B		|正常		| 259		|  17		|
|银和		| 275		| C		|正常		|  86		|  17		|
|银和		| 281		| C		|正常		| 272		|  17		|
|银和		| 133		| B		|正常		|  68		|  17		|

							拼接长度 = 685, 符合要求
第 18 组:
|银和		| 291		| C		|正常		|  68		|  18		|
|银和		| 284		| C		|正常		| 274		|  18		|
|银和		| 124		| B		|正常		|  83		|  18		|
|银和		| 179		| C		|正常		| 260		|  18		|

							拼接长度 = 685, 符合要求
第 19 组:
|银和		|  96		| A		|正常		| 255		|  19		|
|银和		| 261		| C		|正常		| 258		|  19		|
|银和		| 164		| B		|正常		|  81		|  19		|
|银和		| 161		| B		|正常		|  96		|  19		|

							拼接长度 = 690, 符合要求
第 20 组:
|银和		| 126		| B		|正常		| 234		|  20		|
|银和		| 269		| C		|正常		| 214		|  20		|
|银和		| 267		| C		|正常		| 234		|  20		|
|银和		| 159		| B		|正常		|   3		|  20		|切

							拼接长度 = 685, 符合要求
第 21 组:
|银和		| 280		| C		|正常		| 115		|  21		|切
|银和		| 151		| B		|正常		| 291		|  21		|
|银和		| 264		| C		|正常		| 279		|  21		|

							拼接长度 = 685, 符合要求
第 22 组:
|银和		| 139		| B		|正常		| 264		|  22		|
|银和		| 117		| B		|正常		| 132		|  22		|切
|银和		| 113		| B		|正常		| 289		|  22		|

							拼接长度 = 685, 符合要求
第 23 组:
|银和		| 286		| C		|正常		| 136		|  23		|切
|银和		| 114		| B		|正常		| 289		|  23		|
|银和		| 177		| C		|正常		| 260		|  23		|

							拼接长度 = 685, 符合要求
第 24 组:
|银和		| 262		| C		|正常		| 119		|  24		|切
|银和		| 255		| C		|正常		| 279		|  24		|
|银和		| 241		| C		|正常		| 287		|  24		|

							拼接长度 = 685, 符合要求
第 25 组:
|银和		| 266		| C		|正常		| 141		|  25		|切
|银和		| 296		| C		|正常		| 259		|  25		|
|银和		| 118		| B		|正常		| 285		|  25		|

							拼接长度 = 685, 符合要求
第 26 组:
|银和		| 299		| C		|正常		| 285		|  26		|
|银和		| 247		| C		|正常		| 129		|  26		|切
|银和		| 274		| C		|正常		| 271		|  26		|

							拼接长度 = 685, 符合要求
第 27 组:
|银和		| 111		| B		|正常		| 284		|  27		|
|银和		| 257		| C		|正常		| 131		|  27		|切
|银和		| 153		| B		|正常		| 270		|  27		|

							拼接长度 = 685, 符合要求
第 28 组:
|银和		| 258		| C		|正常		| 265		|  28		|
|银和		| 290		| C		|正常		| 282		|  28		|
|银和		| 116		| B		|正常		| 138		|  28		|切

							拼接长度 = 685, 符合要求
第 29 组:
|银和		| 138		| B		|正常		| 282		|  29		|
|银和		| 243		| C		|正常		| 280		|  29		|
|银和		| 265		| C		|正常		| 123		|  29		|切

							拼接长度 = 685, 符合要求
第 30 组:
|银和		| 103		| A		|正常		| 145		|  30		|切
|银和		| 252		| C		|正常		| 280		|  30		|
|银和		| 300		| C		|正常		| 260		|  30		|

							拼接长度 = 685, 符合要求
第 31 组:
|银和		| 289		| C		|正常		| 273		|  31		|
|银和		| 110		| B		|正常		| 279		|  31		|
|银和		| 294		| C		|正常		| 133		|  31		|切

							拼接长度 = 685, 符合要求
第 32 组:
|银和		| 159		| B		|正常		| 263		|  32		|切
|银和		| 288		| C		|正常		| 144		|  32		|切
|银和		| 172		| B		|正常		| 278		|  32		|

							拼接长度 = 685, 符合要求
第 33 组:
|银和		| 283		| C		|正常		| 278		|  33		|
|银和		| 167		| B		|正常		| 132		|  33		|切
|银和		| 106		| B		|正常		| 275		|  33		|

							拼接长度 = 685, 符合要求
第 34 组:
|银和		| 146		| B		|正常		| 147		|  34		|切
|银和		| 273		| C		|正常		| 262		|  34		|
|银和		| 149		| B		|正常		| 276		|  34		|

							拼接长度 = 685, 符合要求
第 35 组:
|银和		| 141		| B		|正常		| 273		|  35		|
|银和		| 280		| C		|正常		| 112		|  35		|切
|银和		| 265		| C		|正常		| 155		|  35		|切
|银和		| 294		| C		|正常		| 145		|  35		|切

							拼接长度 = 685, 符合要求
|—--------------—--------------—--------------—--------------
成功匹配组数 = 35
匹配数 = 111
未匹配数(按切割后计算) = 12
实际使用数 = 106
报废数 = 1
逻辑总数 = 匹配数+未匹配数+报废数 = 124
原始总数 = 108
预设匹配率 = 100.00%
实际匹配率1 = 匹配数/逻辑总数 = 89.52%
实际使用率2 = 切后实际使用数/逻辑总数 = 98.39%
预设截断刀数 100
实际截断刀数 16

EOF
