匹配数		未匹配数		报废数		总数		目标匹配率	实际匹配率	实际截断刀数
第 1批截断
|  67		|  41		|   1		| 109		|100.00%		|61.47%		|   1
(4)-21
|  71		|  38		|   1		| 110		|100.00%		|64.55%		|   2
(3)-22
(3)-22
(3)-22
(3)-22
|  74		|  36		|   1		| 111		|100.00%		|66.67%		|   3
|  77		|  34		|   1		| 112		|100.00%		|68.75%		|   4
|  80		|  32		|   1		| 113		|100.00%		|70.80%		|   5
|  83		|  30		|   1		| 114		|100.00%		|72.81%		|   6
|  86		|  28		|   1		| 115		|100.00%		|74.78%		|   7
|  89		|  26		|   1		| 116		|100.00%		|76.72%		|   8
|  92		|  24		|   1		| 117		|100.00%		|78.63%		|   9
|  95		|  22		|   1		| 118		|100.00%		|80.51%		|  10
|  98		|  20		|   1		| 119		|100.00%		|82.35%		|  11
| 101		|  18		|   1		| 120		|100.00%		|84.17%		|  12
| 104		|  16		|   1		| 121		|100.00%		|85.95%		|  13
| 107		|  14		|   1		| 122		|100.00%		|87.70%		|  14
(3)-34
| 111		|  11		|   1		| 123		|100.00%		|90.24%		|  15
(4)-35
(3)-35
(4)-35
(3)-35
|—--------------—--------------—--------------—--------------
+厂家		+锭号		+棒号		+杂质情况	+长度		+分组		+切割状况
未使用:
|银和		| 137		| B		|正常		| 149		|   0		|切
|银和		| 180		| C		|正常		| 118		|   0		|切
|银和		| 138		| B		|正常		| 144		|   0		|切
|银和		| 244		| C		|正常		| 107		|   0		|切
|银和		| 273		| C		|正常		| 125		|   0		|切
|银和		| 263		| C		|正常		| 137		|   0		|切
|银和		| 286		| C		|正常		| 142		|   0		|切
|银和		| 251		| C		|正常		| 123		|   0		|切
|银和		| 281		| C		|正常		| 144		|   0		|切
|银和		| 255		| C		|正常		| 151		|   0		|切
|银和		| 254		| C		|正常		| 147		|   0		|切
|—--------------—--------------—--------------—--------------
报废:
|银和		| 253		| C		|正常		|  46		|1061109567		|
|—--------------—--------------—--------------—--------------
拼棒方案
第  1 组:
|银和		| 260		| C		|正常		| 274		|   1		|
|银和		| 122		| B		|正常		| 138		|   1		|
|银和		| 277		| C		|正常		| 275		|   1		|

							拼接长度 = 687, 符合要求
第  2 组:
|银和		| 135		| B		|正常		| 285		|   2		|
|银和		| 247		| C		|正常		| 279		|   2		|
|银和		| 119		| B		|正常		| 124		|   2		|

							拼接长度 = 688, 符合要求
第  3 组:
|银和		| 115		| B		|正常		| 289		|   3		|
|银和		| 120		| B		|正常		| 123		|   3		|
|银和		| 290		| C		|正常		| 282		|   3		|

							拼接长度 = 694, 符合要求
第  4 组:
|银和		| 282		| C		|正常		| 211		|   4		|
|银和		| 105		| A		|正常		| 220		|   4		|
|银和		| 103		| A		|正常		| 264		|   4		|

							拼接长度 = 695, 符合要求
第  5 组:
|银和		| 161		| B		|正常		|  96		|   5		|
|银和		| 264		| C		|正常		| 279		|   5		|
|银和		| 272		| C		|正常		| 310		|   5		|

							拼接长度 = 685, 符合要求
第  6 组:
|银和		| 114		| B		|正常		| 289		|   6		|
|银和		| 151		| B		|正常		| 291		|   6		|
|银和		| 175		| C		|正常		| 115		|   6		|

							拼接长度 = 695, 符合要求
第  7 组:
|银和		| 167		| B		|正常		| 262		|   7		|
|银和		| 152		| B		|正常		| 272		|   7		|
|银和		| 107		| B		|正常		| 161		|   7		|

							拼接长度 = 695, 符合要求
第  8 组:
|银和		| 176		| C		|正常		| 248		|   8		|
|银和		| 276		| C		|正常		| 272		|   8		|
|银和		| 174		| C		|正常		| 171		|   8		|

							拼接长度 = 691, 符合要求
第  9 组:
|银和		| 126		| B		|正常		| 234		|   9		|
|银和		| 293		| C		|正常		| 199		|   9		|
|银和		| 300		| C		|正常		| 260		|   9		|

							拼接长度 = 693, 符合要求
第 10 组:
|银和		| 257		| C		|正常		| 270		|  10		|
|银和		| 274		| C		|正常		| 271		|  10		|
|银和		| 121		| B		|正常		| 153		|  10		|

							拼接长度 = 694, 符合要求
第 11 组:
|银和		| 117		| B		|正常		| 282		|  11		|
|银和		| 163		| B		|正常		| 134		|  11		|
|银和		| 284		| C		|正常		| 274		|  11		|

							拼接长度 = 690, 符合要求
第 12 组:
|银和		| 268		| C		|正常		| 262		|  12		|
|银和		| 267		| C		|正常		| 234		|  12		|
|银和		| 144		| B		|正常		| 199		|  12		|

							拼接长度 = 695, 符合要求
第 13 组:
|银和		| 269		| C		|正常		| 214		|  13		|
|银和		| 150		| B		|正常		| 215		|  13		|
|银和		| 159		| B		|正常		| 266		|  13		|

							拼接长度 = 695, 符合要求
第 14 组:
|银和		| 249		| C		|正常		| 272		|  14		|
|银和		| 102		| A		|正常		| 208		|  14		|
|银和		| 297		| C		|正常		| 215		|  14		|

							拼接长度 = 695, 符合要求
第 15 组:
|银和		| 116		| B		|正常		| 259		|  15		|
|银和		| 108		| B		|正常		| 176		|  15		|
|银和		| 179		| C		|正常		| 260		|  15		|

							拼接长度 = 695, 符合要求
第 16 组:
|银和		| 128		| B		|正常		| 293		|  16		|
|银和		| 125		| B		|正常		| 108		|  16		|
|银和		| 112		| B		|正常		| 288		|  16		|

							拼接长度 = 689, 符合要求
第 17 组:
|银和		|  96		| A		|正常		| 255		|  17		|
|银和		| 168		| B		|正常		| 218		|  17		|
|银和		| 147		| B		|正常		| 217		|  17		|

							拼接长度 = 690, 符合要求
第 18 组:
|银和		| 177		| C		|正常		| 260		|  18		|
|银和		| 124		| B		|正常		|  83		|  18		|
|银和		| 132		| B		|正常		|  78		|  18		|
|银和		| 139		| B		|正常		| 264		|  18		|

							拼接长度 = 685, 符合要求
第 19 组:
|银和		| 275		| C		|正常		|  86		|  19		|
|银和		| 171		| B		|正常		| 259		|  19		|
|银和		| 296		| C		|正常		| 259		|  19		|
|银和		| 164		| B		|正常		|  81		|  19		|

							拼接长度 = 685, 符合要求
第 20 组:
|银和		| 291		| C		|正常		|  68		|  20		|
|银和		| 111		| B		|正常		| 284		|  20		|
|银和		| 133		| B		|正常		|  68		|  20		|
|银和		| 258		| C		|正常		| 265		|  20		|

							拼接长度 = 685, 符合要求
第 21 组:
|银和		| 113		| B		|正常		| 289		|  21		|
|银和		| 101		| A		|正常		|  60		|  21		|
|银和		| 104		| A		|正常		|  78		|  21		|切
|银和		| 261		| C		|正常		| 258		|  21		|

							拼接长度 = 685, 符合要求
第 22 组:
|银和		| 259		| C		|正常		| 256		|  22		|
|银和		| 104		| A		|正常		| 193		|  22		|切
|银和		| 281		| C		|正常		|   3		|  22		|切
|银和		| 278		| C		|正常		| 233		|  22		|

							拼接长度 = 685, 符合要求
第 23 组:
|银和		| 141		| B		|正常		| 273		|  23		|
|银和		| 241		| C		|正常		| 287		|  23		|
|银和		| 281		| C		|正常		| 125		|  23		|切

							拼接长度 = 685, 符合要求
第 24 组:
|银和		| 248		| C		|正常		| 275		|  24		|
|银和		| 299		| C		|正常		| 285		|  24		|
|银和		| 106		| B		|正常		| 125		|  24		|切

							拼接长度 = 685, 符合要求
第 25 组:
|银和		| 288		| C		|正常		| 265		|  25		|
|银和		| 244		| C		|正常		| 135		|  25		|切
|银和		| 118		| B		|正常		| 285		|  25		|

							拼接长度 = 685, 符合要求
第 26 组:
|银和		| 138		| B		|正常		| 138		|  26		|切
|银和		| 170		| B		|正常		| 267		|  26		|
|银和		| 243		| C		|正常		| 280		|  26		|

							拼接长度 = 685, 符合要求
第 27 组:
|银和		| 149		| B		|正常		| 276		|  27		|
|银和		| 252		| C		|正常		| 280		|  27		|
|银和		| 137		| B		|正常		| 129		|  27		|切

							拼接长度 = 685, 符合要求
第 28 组:
|银和		| 255		| C		|正常		| 128		|  28		|切
|银和		| 294		| C		|正常		| 278		|  28		|
|银和		| 110		| B		|正常		| 279		|  28		|

							拼接长度 = 685, 符合要求
第 29 组:
|银和		| 250		| C		|正常		| 279		|  29		|
|银和		| 263		| C		|正常		| 133		|  29		|切
|银和		| 289		| C		|正常		| 273		|  29		|

							拼接长度 = 685, 符合要求
第 30 组:
|银和		| 254		| C		|正常		| 128		|  30		|切
|银和		| 265		| C		|正常		| 278		|  30		|
|银和		| 280		| C		|正常		| 279		|  30		|

							拼接长度 = 685, 符合要求
第 31 组:
|银和		| 266		| C		|正常		| 274		|  31		|
|银和		| 172		| B		|正常		| 278		|  31		|
|银和		| 286		| C		|正常		| 133		|  31		|切

							拼接长度 = 685, 符合要求
第 32 组:
|银和		| 273		| C		|正常		| 137		|  32		|切
|银和		| 153		| B		|正常		| 270		|  32		|
|银和		| 285		| C		|正常		| 278		|  32		|

							拼接长度 = 685, 符合要求
第 33 组:
|银和		| 180		| C		|正常		| 144		|  33		|切
|银和		| 283		| C		|正常		| 278		|  33		|
|银和		| 256		| C		|正常		| 263		|  33		|

							拼接长度 = 685, 符合要求
第 34 组:
|银和		| 146		| B		|正常		| 268		|  34		|
|银和		| 251		| C		|正常		| 145		|  34		|切
|银和		| 169		| B		|正常		| 272		|  34		|

							拼接长度 = 685, 符合要求
第 35 组:
|银和		| 106		| B		|正常		| 150		|  35		|切
|银和		| 262		| C		|正常		| 260		|  35		|
|银和		| 244		| C		|正常		|  28		|  35		|切
|银和		| 173		| C		|正常		| 247		|  35		|

							拼接长度 = 685, 符合要求
|—--------------—--------------—--------------—--------------
成功匹配组数 = 35
匹配数 = 111
未匹配数(按切割后计算) = 11
实际使用数 = 107
报废数 = 1
逻辑总数 = 匹配数+未匹配数+报废数 = 123
原始总数 = 108
预设匹配率 = 100.00%
实际匹配率1 = 匹配数/逻辑总数 = 90.24%
实际使用率2 = 切后实际使用数/逻辑总数 = 97.56%
预设截断刀数 100
实际截断刀数 15

EOF
