|—--------------—--------------—--------------—--------------
+厂家		+锭号		+棒号		+杂质情况	+长度		+分组		+切割状况
未使用:
|包头		| 222		| B		|正常		| 280		|   0		|
|包头		|   2		| C		|杂质		| 235		|   0		|
|银和		| 106		| B		|正常		| 275		|   0		|
|包头		|  90		| B		|正常		| 255		|   0		|
|银和		| 130		| B		|杂质		| 290		|   0		|
|银和		| 289		| C		|正常		| 273		|   0		|
|银和		| 287		| C		|杂质		| 276		|   0		|
|银和		| 285		| C		|正常		| 278		|   0		|
|包头		|  89		| B		|杂质		| 270		|   0		|
|银和		| 281		| C		|正常		| 272		|   0		|
|银和		| 155		| B		|杂质		| 264		|   0		|
|银和		| 276		| C		|正常		| 272		|   0		|
|银和		| 274		| C		|正常		| 271		|   0		|
|包头		|  87		| B		|正常		| 270		|   0		|
|包头		|  15		| C		|正常		| 248		|   0		|
|银和		| 271		| C		|杂质		| 268		|   0		|
|银和		| 136		| B		|杂质		| 287		|   0		|
|包头		|  18		| C		|正常		| 264		|   0		|
|银和		| 137		| B		|正常		| 278		|   0		|
|银和		| 257		| C		|正常		| 270		|   0		|
|包头		|  21		| C		|正常		| 267		|   0		|
|银和		| 254		| C		|正常		| 275		|   0		|
|银和		| 252		| C		|正常		| 280		|   0		|
|包头		|  24		| C		|正常		| 268		|   0		|
|银和		| 248		| C		|正常		| 275		|   0		|
|包头		|  26		| C		|杂质		| 265		|   0		|
|银和		| 160		| B		|杂质		| 276		|   0		|
|银和		| 244		| C		|正常		| 270		|   0		|
|银和		| 243		| C		|正常		| 280		|   0		|
|银和		| 153		| B		|正常		| 270		|   0		|
|银和		| 242		| C		|杂质		| 290		|   0		|
|银和		| 141		| B		|正常		| 273		|   0		|
|银和		| 117		| B		|正常		| 282		|   0		|
|银和		| 142		| B		|杂质		| 286		|   0		|
|银和		| 109		| B		|杂质		| 268		|   0		|
|银和		| 110		| B		|正常		| 279		|   0		|
|包头		| 227		| B		|正常		| 260		|   0		|
|包头		| 223		| B		|正常		| 254		|   0		|
|银和		| 154		| B		|杂质		| 268		|   0		|
|包头		| 220		| B		|杂质		| 285		|   0		|
|银和		| 151		| B		|正常		| 291		|   0		|
|银和		| 169		| B		|正常		| 272		|   0		|
|包头		|  62		| C		|正常		| 271		|   0		|
|包头		| 208		| B		|正常		| 280		|   0		|
|银和		| 149		| B		|正常		| 276		|   0		|
|银和		| 115		| B		|正常		| 289		|   0		|
|包头		| 205		| B		|正常		| 281		|   0		|
|银和		| 148		| B		|杂质		| 273		|   0		|
|包头		| 198		| B		|杂质		| 290		|   0		|
|包头		| 192		| B		|正常		| 279		|   0		|
|包头		|  52		| C		|正常		| 290		|   0		|
|包头		| 188		| B		|杂质		| 275		|   0		|
|银和		| 170		| B		|正常		| 267		|   0		|
|包头		| 182		| B		|杂质		| 283		|   0		|
|银和		| 179		| C		|正常		| 260		|   0		|
|银和		| 172		| B		|正常		| 278		|   0		|
|银和		| 113		| B		|正常		| 289		|   0		|
|银和		| 171		| B		|正常		| 259		|   0		|
|—--------------—--------------—--------------—--------------
报废:
|包头		|  53		| C		|正常		|  45		|1061109567		|
|包头		|  23		| C		|杂质		|  49		|1061109567		|
|银和		| 253		| C		|正常		|  46		|1061109567		|
|包头		| 211		| B		|杂质		|  33		|1061109567		|
|包头		|  65		| C		|杂质		|  48		|1061109567		|
|—--------------—--------------—--------------—--------------
拼棒方案
第  1 组:
|银和		| 162		| B		|杂质		|  83		|   1		|
|银和		| 272		| C		|正常		| 310		|   1		|
|银和		| 128		| B		|正常		| 293		|   1		|

							拼接长度 = 686, 符合要求
第  2 组:
|包头		| 207		| B		|正常		| 249		|   2		|
|银和		| 278		| C		|正常		| 233		|   2		|
|银和		| 282		| C		|正常		| 211		|   2		|

							拼接长度 = 693, 符合要求
第  3 组:
|包头		| 216		| B		|正常		| 284		|   3		|
|银和		| 119		| B		|正常		| 124		|   3		|
|银和		| 140		| B		|杂质		| 287		|   3		|

							拼接长度 = 695, 符合要求
第  4 组:
|包头		| 183		| B		|正常		| 256		|   4		|
|包头		|  64		| C		|正常		| 210		|   4		|
|包头		| 229		| B		|正常		| 228		|   4		|

							拼接长度 = 694, 符合要求
第  5 组:
|包头		|  84		| B		|正常		| 287		|   5		|
|银和		| 296		| C		|正常		| 259		|   5		|
|包头		|   3		| C		|正常		| 147		|   5		|

							拼接长度 = 693, 符合要求
第  6 组:
|包头		|  43		| C		|杂质		| 256		|   6		|
|包头		| 219		| B		|正常		| 271		|   6		|
|包头		|  35		| C		|杂质		| 164		|   6		|

							拼接长度 = 691, 符合要求
第  7 组:
|包头		|  49		| C		|杂质		| 271		|   7		|
|包头		|  58		| C		|正常		| 176		|   7		|
|包头		| 236		| B		|正常		| 247		|   7		|

							拼接长度 = 694, 符合要求
第  8 组:
|包头		|  61		| C		|杂质		| 225		|   8		|
|包头		|  85		| B		|杂质		| 271		|   8		|
|包头		| 235		| B		|杂质		| 199		|   8		|

							拼接长度 = 695, 符合要求
第  9 组:
|银和		| 165		| B		|杂质		| 144		|   9		|
|银和		| 266		| C		|正常		| 274		|   9		|
|银和		| 295		| C		|杂质		| 275		|   9		|

							拼接长度 = 693, 符合要求
第 10 组:
|包头		|  67		| C		|正常		| 277		|  10		|
|包头		| 238		| B		|正常		| 178		|  10		|
|银和		| 166		| B		|杂质		| 238		|  10		|

							拼接长度 = 693, 符合要求
第 11 组:
|银和		| 245		| C		|杂质		| 282		|  11		|
|银和		| 121		| B		|正常		| 153		|  11		|
|银和		| 262		| C		|正常		| 260		|  11		|

							拼接长度 = 695, 符合要求
第 12 组:
|包头		|  66		| C		|正常		| 228		|  12		|
|包头		| 206		| B		|正常		| 243		|  12		|
|包头		|  30		| C		|杂质		| 220		|  12		|

							拼接长度 = 691, 符合要求
第 13 组:
|包头		|   1		| C		|杂质		| 163		|  13		|
|银和		| 167		| B		|正常		| 262		|  13		|
|银和		| 146		| B		|正常		| 268		|  13		|

							拼接长度 = 693, 符合要求
第 14 组:
|银和		| 127		| B		|杂质		| 198		|  14		|
|包头		| 237		| B		|正常		| 218		|  14		|
|银和		| 250		| C		|正常		| 279		|  14		|

							拼接长度 = 695, 符合要求
第 15 组:
|银和		| 265		| C		|正常		| 278		|  15		|
|包头		|  63		| C		|正常		| 183		|  15		|
|包头		|  86		| B		|正常		| 229		|  15		|

							拼接长度 = 690, 符合要求
第 16 组:
|银和		| 134		| B		|杂质		| 170		|  16		|
|银和		| 263		| C		|正常		| 270		|  16		|
|包头		|  17		| C		|正常		| 255		|  16		|

							拼接长度 = 695, 符合要求
第 17 组:
|包头		|  41		| C		|杂质		| 173		|  17		|
|包头		| 225		| B		|正常		| 238		|  17		|
|包头		| 199		| B		|杂质		| 284		|  17		|

							拼接长度 = 695, 符合要求
第 18 组:
|银和		| 261		| C		|正常		| 258		|  18		|
|银和		| 247		| C		|正常		| 279		|  18		|
|包头		|  47		| C		|杂质		| 158		|  18		|

							拼接长度 = 695, 符合要求
第 19 组:
|银和		| 144		| B		|正常		| 199		|  19		|
|包头		|   4		| C		|正常		| 212		|  19		|
|银和		| 111		| B		|正常		| 284		|  19		|

							拼接长度 = 695, 符合要求
第 20 组:
|包头		| 218		| B		|正常		| 272		|  20		|
|包头		| 215		| B		|正常		| 277		|  20		|
|包头		| 210		| B		|正常		| 140		|  20		|

							拼接长度 = 689, 符合要求
第 21 组:
|银和		| 267		| C		|正常		| 234		|  21		|
|银和		| 129		| B		|杂质		| 194		|  21		|
|银和		| 158		| B		|杂质		| 267		|  21		|

							拼接长度 = 695, 符合要求
第 22 组:
|银和		| 279		| C		|杂质		| 278		|  22		|
|银和		| 107		| B		|正常		| 161		|  22		|
|银和		| 259		| C		|正常		| 256		|  22		|

							拼接长度 = 695, 符合要求
第 23 组:
|包头		| 204		| B		|杂质		| 298		|  23		|
|包头		|  13		| C		|杂质		|  96		|  23		|
|包头		|  20		| C		|正常		| 291		|  23		|

							拼接长度 = 685, 符合要求
第 24 组:
|包头		|   8		| C		|正常		| 163		|  24		|
|银和		| 258		| C		|正常		| 265		|  24		|
|银和		| 177		| C		|正常		| 260		|  24		|

							拼接长度 = 688, 符合要求
第 25 组:
|银和		| 283		| C		|正常		| 278		|  25		|
|包头		| 197		| B		|杂质		| 286		|  25		|
|包头		|  60		| C		|杂质		| 130		|  25		|

							拼接长度 = 694, 符合要求
第 26 组:
|包头		|  46		| C		|正常		| 228		|  26		|
|包头		| 191		| B		|正常		| 253		|  26		|
|银和		| 269		| C		|正常		| 214		|  26		|

							拼接长度 = 695, 符合要求
第 27 组:
|包头		| 239		| B		|杂质		| 282		|  27		|
|银和		| 246		| C		|杂质		| 292		|  27		|
|银和		| 123		| B		|杂质		| 119		|  27		|

							拼接长度 = 693, 符合要求
第 28 组:
|包头		|  36		| C		|正常		| 191		|  28		|
|银和		| 268		| C		|正常		| 262		|  28		|
|包头		| 184		| B		|正常		| 241		|  28		|

							拼接长度 = 694, 符合要求
第 29 组:
|银和		| 299		| C		|正常		| 285		|  29		|
|银和		| 120		| B		|正常		| 123		|  29		|
|包头		| 187		| B		|正常		| 285		|  29		|

							拼接长度 = 693, 符合要求
第 30 组:
|包头		| 189		| B		|正常		| 243		|  30		|
|包头		| 213		| B		|正常		| 244		|  30		|
|包头		|  38		| C		|正常		| 205		|  30		|

							拼接长度 = 692, 符合要求
第 31 组:
|银和		| 290		| C		|正常		| 282		|  31		|
|银和		| 108		| B		|正常		| 176		|  31		|
|银和		| 126		| B		|正常		| 234		|  31		|

							拼接长度 = 692, 符合要求
第 32 组:
|包头		| 221		| B		|正常		| 280		|  32		|
|包头		|   9		| C		|杂质		| 154		|  32		|
|包头		|  12		| C		|杂质		| 261		|  32		|

							拼接长度 = 695, 符合要求
第 33 组:
|包头		| 226		| B		|正常		| 253		|  33		|
|银和		| 277		| C		|正常		| 275		|  33		|
|包头		|  51		| C		|正常		| 158		|  33		|

							拼接长度 = 686, 符合要求
第 34 组:
|银和		| 288		| C		|正常		| 265		|  34		|
|银和		| 143		| B		|杂质		| 293		|  34		|
|银和		| 163		| B		|正常		| 134		|  34		|

							拼接长度 = 692, 符合要求
第 35 组:
|银和		| 176		| C		|正常		| 248		|  35		|
|包头		|  57		| C		|正常		| 172		|  35		|
|包头		| 195		| B		|杂质		| 273		|  35		|

							拼接长度 = 693, 符合要求
第 36 组:
|包头		| 201		| B		|正常		| 228		|  36		|
|包头		| 190		| B		|杂质		| 254		|  36		|
|包头		| 212		| B		|正常		| 210		|  36		|

							拼接长度 = 692, 符合要求
第 37 组:
|包头		| 194		| B		|正常		| 257		|  37		|
|银和		| 298		| C		|杂质		| 285		|  37		|
|包头		|  42		| C		|杂质		| 153		|  37		|

							拼接长度 = 695, 符合要求
第 38 组:
|包头		| 196		| B		|杂质		| 280		|  38		|
|银和		| 122		| B		|正常		| 138		|  38		|
|包头		|  56		| C		|杂质		| 269		|  38		|

							拼接长度 = 687, 符合要求
第 39 组:
|包头		|  16		| C		|正常		| 132		|  39		|
|包头		| 200		| B		|杂质		| 268		|  39		|
|银和		| 112		| B		|正常		| 288		|  39		|

							拼接长度 = 688, 符合要求
第 40 组:
|银和		| 152		| B		|正常		| 272		|  40		|
|包头		| 209		| B		|杂质		| 190		|  40		|
|包头		| 185		| B		|杂质		| 233		|  40		|

							拼接长度 = 695, 符合要求
第 41 组:
|包头		|  83		| B		|正常		| 231		|  41		|
|银和		| 280		| C		|正常		| 279		|  41		|
|包头		|   5		| C		|杂质		| 176		|  41		|

							拼接长度 = 686, 符合要求
第 42 组:
|银和		| 114		| B		|正常		| 289		|  42		|
|银和		| 175		| C		|正常		| 115		|  42		|
|银和		| 138		| B		|正常		| 282		|  42		|

							拼接长度 = 686, 符合要求
第 43 组:
|银和		| 249		| C		|正常		| 272		|  43		|
|银和		| 139		| B		|正常		| 264		|  43		|
|包头		|   6		| C		|正常		| 157		|  43		|

							拼接长度 = 693, 符合要求
第 44 组:
|包头		| 186		| B		|杂质		| 255		|  44		|
|银和		| 118		| B		|正常		| 285		|  44		|
|包头		|  39		| C		|正常		| 155		|  44		|

							拼接长度 = 695, 符合要求
第 45 组:
|银和		| 300		| C		|正常		| 260		|  45		|
|包头		|  54		| C		|杂质		| 172		|  45		|
|银和		| 256		| C		|正常		| 263		|  45		|

							拼接长度 = 695, 符合要求
第 46 组:
|包头		|  44		| C		|杂质		| 235		|  46		|
|包头		|  55		| C		|正常		| 265		|  46		|
|包头		| 202		| B		|杂质		| 192		|  46		|

							拼接长度 = 692, 符合要求
第 47 组:
|银和		| 174		| C		|正常		| 171		|  47		|
|包头		| 233		| B		|正常		| 253		|  47		|
|银和		| 159		| B		|正常		| 266		|  47		|

							拼接长度 = 690, 符合要求
第 48 组:
|银和		| 168		| B		|正常		| 218		|  48		|
|银和		| 178		| C		|杂质		| 269		|  48		|
|银和		| 293		| C		|正常		| 199		|  48		|

							拼接长度 = 686, 符合要求
第 49 组:
|包头		| 231		| B		|正常		| 244		|  49		|
|银和		| 147		| B		|正常		| 217		|  49		|
|包头		|  29		| C		|杂质		| 231		|  49		|

							拼接长度 = 692, 符合要求
第 50 组:
|包头		|  27		| C		|正常		| 232		|  50		|
|银和		| 297		| C		|正常		| 215		|  50		|
|包头		| 234		| B		|杂质		| 243		|  50		|

							拼接长度 = 690, 符合要求
第 51 组:
|银和		| 131		| B		|杂质		| 294		|  51		|
|银和		| 157		| B		|杂质		| 108		|  51		|
|包头		| 193		| B		|正常		| 287		|  51		|

							拼接长度 = 689, 符合要求
第 52 组:
|包头		| 214		| B		|正常		| 292		|  52		|
|银和		| 135		| B		|正常		| 285		|  52		|
|银和		| 125		| B		|正常		| 108		|  52		|

							拼接长度 = 685, 符合要求
第 53 组:
|银和		| 150		| B		|正常		| 215		|  53		|
|包头		|  33		| C		|正常		| 241		|  53		|
|包头		|  34		| C		|正常		| 238		|  53		|

							拼接长度 = 694, 符合要求
第 54 组:
|包头		|  28		| C		|正常		| 232		|  54		|
|包头		| 232		| B		|正常		| 232		|  54		|
|包头		|  59		| C		|杂质		| 230		|  54		|

							拼接长度 = 694, 符合要求
第 55 组:
|银和		| 251		| C		|正常		| 268		|  55		|
|包头		| 230		| B		|正常		|  55		|  55		|
|银和		| 264		| C		|正常		| 279		|  55		|
|银和		| 124		| B		|正常		|  83		|  55		|

							拼接长度 = 685, 符合要求
第 56 组:
|银和		| 133		| B		|正常		|  68		|  56		|
|包头		|  88		| B		|正常		| 269		|  56		|
|银和		| 270		| C		|杂质		| 275		|  56		|
|包头		|  37		| C		|正常		|  73		|  56		|

							拼接长度 = 685, 符合要求
第 57 组:
|包头		|  32		| C		|正常		|  71		|  57		|
|包头		|  45		| C		|杂质		|  78		|  57		|
|银和		| 260		| C		|正常		| 274		|  57		|
|银和		| 180		| C		|正常		| 262		|  57		|

							拼接长度 = 685, 符合要求
第 58 组:
|包头		|  31		| C		|杂质		|  52		|  58		|
|银和		| 145		| B		|杂质		| 288		|  58		|
|银和		| 294		| C		|正常		| 278		|  58		|
|包头		| 181		| B		|杂质		|  67		|  58		|

							拼接长度 = 685, 符合要求
第 59 组:
|包头		|  19		| C		|杂质		|  71		|  59		|
|银和		| 291		| C		|正常		|  68		|  59		|
|银和		| 241		| C		|正常		| 287		|  59		|
|银和		| 116		| B		|正常		| 259		|  59		|

							拼接长度 = 685, 符合要求
第 60 组:
|包头		| 217		| B		|正常		| 269		|  60		|
|包头		|  14		| C		|杂质		|  67		|  60		|
|包头		| 203		| B		|正常		| 255		|  60		|
|银和		| 156		| B		|杂质		|  94		|  60		|

							拼接长度 = 685, 符合要求
第 61 组:
|银和		| 173		| C		|正常		| 247		|  61		|
|银和		| 132		| B		|正常		|  78		|  61		|
|包头		| 240		| B		|正常		|  85		|  61		|
|银和		| 286		| C		|正常		| 275		|  61		|

							拼接长度 = 685, 符合要求
第 62 组:
|银和		| 161		| B		|正常		|  96		|  62		|
|银和		| 292		| C		|杂质		| 254		|  62		|
|包头		|  50		| C		|杂质		|  73		|  62		|
|包头		|  10		| C		|杂质		| 262		|  62		|

							拼接长度 = 685, 符合要求
第 63 组:
|包头		|  25		| C		|杂质		|  58		|  63		|
|银和		| 255		| C		|正常		| 279		|  63		|
|银和		| 275		| C		|正常		|  86		|  63		|
|银和		| 273		| C		|正常		| 262		|  63		|

							拼接长度 = 685, 符合要求
第 64 组:
|银和		| 284		| C		|正常		| 274		|  64		|
|包头		|  11		| C		|杂质		| 272		|  64		|
|银和		| 164		| B		|正常		|  81		|  64		|
|包头		|  40		| C		|正常		|  58		|  64		|

							拼接长度 = 685, 符合要求
第 65 组:
|包头		|   7		| C		|杂质		|  75		|  65		|
|包头		|  22		| C		|杂质		|  73		|  65		|
|包头		| 228		| B		|正常		| 263		|  65		|
|包头		| 224		| B		|正常		| 276		|  65		|

							拼接长度 = 687, 符合要求
|—--------------—--------------—--------------—--------------
成功匹配组数 = 65
匹配数 = 206
未匹配数 = 58
实际使用数 = 206
报废数 = 5
逻辑总数 = 匹配数+未匹配数+报废数 = 269
原始总数 = 269
预设匹配率 = 100.00%
实际匹配率1 = 匹配数/逻辑总数 = 76.58%
实际使用率1 = 实际使用数/原始总数 = 76.58%

EOF
