|—--------------—--------------—--------------—--------------
+厂家		+锭号		+棒号		+杂质情况	+长度		+分组		+切割状况
未使用:
|包头		|  88		| B		|正常		| 269		|   0		|
|包头		| 184		| B		|正常		| 241		|   0		|
|包头		| 187		| B		|正常		| 285		|   0		|
|包头		|  62		| C		|正常		| 271		|   0		|
|包头		| 192		| B		|正常		| 279		|   0		|
|包头		|  55		| C		|正常		| 265		|   0		|
|包头		| 208		| B		|正常		| 280		|   0		|
|包头		|  20		| C		|正常		| 291		|   0		|
|包头		|  24		| C		|正常		| 268		|   0		|
|包头		| 224		| B		|正常		| 276		|   0		|
|包头		|  34		| C		|正常		| 238		|   0		|
|包头		|  37		| C		|正常		|  73		|   0		|
|包头		| 214		| B		|正常		| 292		|   0		|
|—--------------—--------------—--------------—--------------
报废:
|包头		|  53		| C		|正常		|  45		|1061109567		|
|—--------------—--------------—--------------—--------------
拼棒方案
第  1 组:
|包头		| 232		| B		|正常		| 232		|   1		|
|包头		|  28		| C		|正常		| 232		|   1		|
|包头		| 229		| B		|正常		| 228		|   1		|

							拼接长度 = 692, 符合要求
第  2 组:
|包头		|  90		| B		|正常		| 255		|   2		|
|包头		| 213		| B		|正常		| 244		|   2		|
|包头		|  36		| C		|正常		| 191		|   2		|

							拼接长度 = 690, 符合要求
第  3 组:
|包头		| 223		| B		|正常		| 254		|   3		|
|包头		|  18		| C		|正常		| 264		|   3		|
|包头		|  58		| C		|正常		| 176		|   3		|

							拼接长度 = 694, 符合要求
第  4 组:
|包头		| 222		| B		|正常		| 280		|   4		|
|包头		|  16		| C		|正常		| 132		|   4		|
|包头		|  67		| C		|正常		| 277		|   4		|

							拼接长度 = 689, 符合要求
第  5 组:
|包头		| 189		| B		|正常		| 243		|   5		|
|包头		|   8		| C		|正常		| 163		|   5		|
|包头		|  84		| B		|正常		| 287		|   5		|

							拼接长度 = 693, 符合要求
第  6 组:
|包头		| 205		| B		|正常		| 281		|   6		|
|包头		|   6		| C		|正常		| 157		|   6		|
|包头		| 183		| B		|正常		| 256		|   6		|

							拼接长度 = 694, 符合要求
第  7 组:
|包头		| 231		| B		|正常		| 244		|   7		|
|包头		| 201		| B		|正常		| 228		|   7		|
|包头		| 237		| B		|正常		| 218		|   7		|

							拼接长度 = 690, 符合要求
第  8 组:
|包头		|  17		| C		|正常		| 255		|   8		|
|包头		| 233		| B		|正常		| 253		|   8		|
|包头		|  63		| C		|正常		| 183		|   8		|

							拼接长度 = 691, 符合要求
第  9 组:
|包头		|   3		| C		|正常		| 147		|   9		|
|包头		| 216		| B		|正常		| 284		|   9		|
|包头		| 194		| B		|正常		| 257		|   9		|

							拼接长度 = 688, 符合要求
第 10 组:
|包头		| 191		| B		|正常		| 253		|  10		|
|包头		|   4		| C		|正常		| 212		|  10		|
|包头		|  46		| C		|正常		| 228		|  10		|

							拼接长度 = 693, 符合要求
第 11 组:
|包头		|  87		| B		|正常		| 270		|  11		|
|包头		| 228		| B		|正常		| 263		|  11		|
|包头		|  51		| C		|正常		| 158		|  11		|

							拼接长度 = 691, 符合要求
第 12 组:
|包头		| 210		| B		|正常		| 140		|  12		|
|包头		| 215		| B		|正常		| 277		|  12		|
|包头		| 218		| B		|正常		| 272		|  12		|

							拼接长度 = 689, 符合要求
第 13 组:
|包头		| 238		| B		|正常		| 178		|  13		|
|包头		|  21		| C		|正常		| 267		|  13		|
|包头		| 207		| B		|正常		| 249		|  13		|

							拼接长度 = 694, 符合要求
第 14 组:
|包头		|  83		| B		|正常		| 231		|  14		|
|包头		|  64		| C		|正常		| 210		|  14		|
|包头		| 226		| B		|正常		| 253		|  14		|

							拼接长度 = 694, 符合要求
第 15 组:
|包头		| 227		| B		|正常		| 260		|  15		|
|包头		| 219		| B		|正常		| 271		|  15		|
|包头		|  39		| C		|正常		| 155		|  15		|

							拼接长度 = 686, 符合要求
第 16 组:
|包头		|  57		| C		|正常		| 172		|  16		|
|包头		|  33		| C		|正常		| 241		|  16		|
|包头		| 221		| B		|正常		| 280		|  16		|

							拼接长度 = 693, 符合要求
第 17 组:
|包头		| 236		| B		|正常		| 247		|  17		|
|包头		| 206		| B		|正常		| 243		|  17		|
|包头		|  38		| C		|正常		| 205		|  17		|

							拼接长度 = 695, 符合要求
第 18 组:
|包头		|  86		| B		|正常		| 229		|  18		|
|包头		| 225		| B		|正常		| 238		|  18		|
|包头		|  66		| C		|正常		| 228		|  18		|

							拼接长度 = 695, 符合要求
第 19 组:
|包头		| 212		| B		|正常		| 210		|  19		|
|包头		|  27		| C		|正常		| 232		|  19		|
|包头		|  15		| C		|正常		| 248		|  19		|

							拼接长度 = 690, 符合要求
第 20 组:
|包头		| 217		| B		|正常		| 269		|  20		|
|包头		|  52		| C		|正常		| 290		|  20		|
|包头		|  32		| C		|正常		|  71		|  20		|
|包头		| 230		| B		|正常		|  55		|  20		|

							拼接长度 = 685, 符合要求
第 21 组:
|包头		|  40		| C		|正常		|  58		|  21		|
|包头		| 203		| B		|正常		| 255		|  21		|
|包头		| 193		| B		|正常		| 287		|  21		|
|包头		| 240		| B		|正常		|  85		|  21		|

							拼接长度 = 685, 符合要求
|—--------------—--------------—--------------—--------------
成功匹配组数 = 21
匹配数 = 65
未匹配数 = 13
实际使用数 = 65
报废数 = 1
逻辑总数 = 匹配数+未匹配数+报废数 = 79
原始总数 = 79
预设匹配率 = 100.00%
实际匹配率1 = 匹配数/逻辑总数 = 82.28%
实际使用率1 = 实际使用数/原始总数 = 82.28%

EOF
